#
# There is insufficient memory for the Java Runtime Environment to continue.
# Native memory allocation (malloc) failed to allocate 32744 bytes. Error detail: Chunk::new
# Possible reasons:
#   The system is out of physical RAM or swap space
#   This process is running with CompressedOops enabled, and the Java Heap may be blocking the growth of the native heap
# Possible solutions:
#   Reduce memory load on the system
#   Increase physical memory or swap space
#   Check if swap backing store is full
#   Decrease Java heap size (-Xmx/-Xms)
#   Decrease number of Java threads
#   Decrease Java thread stack sizes (-Xss)
#   Set larger code cache with -XX:ReservedCodeCacheSize=
#   JVM is running with Unscaled Compressed Oops mode in which the Java heap is
#     placed in the first 4GB address space. The Java Heap base address is the
#     maximum limit for the native heap growth. Please use -XX:HeapBaseMinAddress
#     to set the Java Heap base and to place the Java Heap above 4GB virtual address.
# This output file may be truncated or incomplete.
#
#  Out of Memory Error (arena.cpp:149), pid=12660, tid=12648
#
# JRE version: OpenJDK Runtime Environment (23.0+37) (build 23+37-2369)
# Java VM: OpenJDK 64-Bit Server VM (23+37-2369, mixed mode, sharing, tiered, compressed oops, compressed class ptrs, g1 gc, windows-amd64)
# No core dump will be written. Minidumps are not enabled by default on client versions of Windows
#

---------------  S U M M A R Y ------------

Command Line: -Dmaven.multiModuleProjectDirectory=C:\Users\Владислав Мехедов\Desktop\SpringBoot -Djansi.passthrough=true -Dmaven.home=C:\Users\Владислав Мехедов\.m2\wrapper\dists\apache-maven-3.9.9-bin\4nf9hui3q3djbarqar9g711ggc\apache-maven-3.9.9 -Dclassworlds.conf=C:\Users\Владислав Мехедов\.m2\wrapper\dists\apache-maven-3.9.9-bin\4nf9hui3q3djbarqar9g711ggc\apache-maven-3.9.9\bin\m2.conf -Dmaven.ext.class.path=C:\Program Files\JetBrains\IntelliJ IDEA 2024.2.0.1\plugins\maven\lib\maven-event-listener.jar -javaagent:C:\Program Files\JetBrains\IntelliJ IDEA 2024.2.0.1\lib\idea_rt.jar=52463:C:\Program Files\JetBrains\IntelliJ IDEA 2024.2.0.1\bin -Dfile.encoding=UTF-8 -Dsun.stdout.encoding=UTF-8 -Dsun.stderr.encoding=UTF-8 org.codehaus.classworlds.Launcher -Didea.version=2024.2.0.1 clean

Host: Intel(R) Core(TM) i5-8300H CPU @ 2.30GHz, 8 cores, 7G,  Windows 10 , 64 bit Build 19041 (10.0.19041.4842)
Time: Wed Oct  9 16:39:14 2024 RTZ 2 (s 10 , 64 bit Build 19041 (10.0.19041.4842) elapsed time: 0.796661 seconds (0d 0h 0m 0s)

---------------  T H R E A D  ---------------

Current thread (0x0000020726b454b0):  JavaThread "C2 CompilerThread1" daemon [_thread_in_native, id=12648, stack(0x000000e3c8200000,0x000000e3c8300000) (1024K)]


Current CompileTask:
C2:796 1360       4       sun.nio.cs.StreamDecoder::lockedRead (189 bytes)

Stack: [0x000000e3c8200000,0x000000e3c8300000]
Native frames: (J=compiled Java code, j=interpreted, Vv=VM code, C=native code)
V  [jvm.dll+0x6e08a9]  (no source info available)
V  [jvm.dll+0x87da63]  (no source info available)
V  [jvm.dll+0x87feee]  (no source info available)
V  [jvm.dll+0x8805c3]  (no source info available)
V  [jvm.dll+0x27aee6]  (no source info available)
V  [jvm.dll+0xbc06f]  (no source info available)
V  [jvm.dll+0xbc2cb]  (no source info available)
V  [jvm.dll+0x666a3b]  (no source info available)
V  [jvm.dll+0x66c7e7]  (no source info available)
V  [jvm.dll+0x66dae9]  (no source info available)
V  [jvm.dll+0x66bb45]  (no source info available)
V  [jvm.dll+0x2448d7]  (no source info available)
V  [jvm.dll+0x243dff]  (no source info available)
V  [jvm.dll+0x1c33a0]  (no source info available)
V  [jvm.dll+0x253cf1]  (no source info available)
V  [jvm.dll+0x251faa]  (no source info available)
V  [jvm.dll+0x3ee036]  (no source info available)
V  [jvm.dll+0x824f1b]  (no source info available)
V  [jvm.dll+0x6df055]  (no source info available)
C  [ucrtbase.dll+0x21bb2]  (no source info available)
C  [KERNEL32.DLL+0x17374]  (no source info available)
C  [ntdll.dll+0x4cc91]  (no source info available)

Lock stack of current Java thread (top to bottom):


---------------  P R O C E S S  ---------------

Threads class SMR info:
_java_thread_list=0x000002076c556ab0, length=14, elements={
0x00000207078d5f60, 0x00000207269265b0, 0x00000207269274d0, 0x000002072692d520,
0x0000020726930730, 0x0000020726953840, 0x00000207269542a0, 0x00000207269557d0,
0x0000020726956280, 0x00000207268fbbb0, 0x0000020726b454b0, 0x0000020726bd8bf0,
0x0000020726bd9260, 0x0000020774fa28b0
}

Java Threads: ( => current thread )
  0x00000207078d5f60 JavaThread "main"                              [_thread_in_vm, id=12144, stack(0x000000e3c7100000,0x000000e3c7200000) (1024K)]
  0x00000207269265b0 JavaThread "Reference Handler"          daemon [_thread_blocked, id=9244, stack(0x000000e3c7900000,0x000000e3c7a00000) (1024K)]
  0x00000207269274d0 JavaThread "Finalizer"                  daemon [_thread_blocked, id=7912, stack(0x000000e3c7a00000,0x000000e3c7b00000) (1024K)]
  0x000002072692d520 JavaThread "Signal Dispatcher"          daemon [_thread_blocked, id=2036, stack(0x000000e3c7b00000,0x000000e3c7c00000) (1024K)]
  0x0000020726930730 JavaThread "Attach Listener"            daemon [_thread_blocked, id=7516, stack(0x000000e3c7c00000,0x000000e3c7d00000) (1024K)]
  0x0000020726953840 JavaThread "Service Thread"             daemon [_thread_blocked, id=14040, stack(0x000000e3c7d00000,0x000000e3c7e00000) (1024K)]
  0x00000207269542a0 JavaThread "Monitor Deflation Thread"   daemon [_thread_blocked, id=1504, stack(0x000000e3c7e00000,0x000000e3c7f00000) (1024K)]
  0x00000207269557d0 JavaThread "C2 CompilerThread0"         daemon [_thread_in_native, id=11552, stack(0x000000e3c7f00000,0x000000e3c8000000) (1024K)]
  0x0000020726956280 JavaThread "C1 CompilerThread0"         daemon [_thread_in_native, id=4256, stack(0x000000e3c8000000,0x000000e3c8100000) (1024K)]
  0x00000207268fbbb0 JavaThread "Common-Cleaner"             daemon [_thread_blocked, id=12764, stack(0x000000e3c8100000,0x000000e3c8200000) (1024K)]
=>0x0000020726b454b0 JavaThread "C2 CompilerThread1"         daemon [_thread_in_native, id=12648, stack(0x000000e3c8200000,0x000000e3c8300000) (1024K)]
  0x0000020726bd8bf0 JavaThread "Monitor Ctrl-Break"         daemon [_thread_in_native, id=2580, stack(0x000000e3c8300000,0x000000e3c8400000) (1024K)]
  0x0000020726bd9260 JavaThread "Notification Thread"        daemon [_thread_blocked, id=14716, stack(0x000000e3c8400000,0x000000e3c8500000) (1024K)]
  0x0000020774fa28b0 JavaThread "C2 CompilerThread2"         daemon [_thread_in_native, id=14652, stack(0x000000e3c8c00000,0x000000e3c8d00000) (1024K)]
Total: 14

Other Threads:
  0x0000020726909510 VMThread "VM Thread"                           [id=15008, stack(0x000000e3c7800000,0x000000e3c7900000) (1024K)]
  0x00000207268fa880 WatcherThread "VM Periodic Task Thread"        [id=2836, stack(0x000000e3c7700000,0x000000e3c7800000) (1024K)]
  0x0000020709becc20 WorkerThread "GC Thread#0"                     [id=14472, stack(0x000000e3c7200000,0x000000e3c7300000) (1024K)]
  0x0000020774f9ec20 WorkerThread "GC Thread#1"                     [id=412, stack(0x000000e3c8500000,0x000000e3c8600000) (1024K)]
  0x0000020774f9f3e0 WorkerThread "GC Thread#2"                     [id=5468, stack(0x000000e3c8600000,0x000000e3c8700000) (1024K)]
  0x0000020775248140 WorkerThread "GC Thread#3"                     [id=4128, stack(0x000000e3c8700000,0x000000e3c8800000) (1024K)]
  0x0000020775249b10 WorkerThread "GC Thread#4"                     [id=8968, stack(0x000000e3c8800000,0x000000e3c8900000) (1024K)]
  0x00000207752484f0 WorkerThread "GC Thread#5"                     [id=2928, stack(0x000000e3c8900000,0x000000e3c8a00000) (1024K)]
  0x00000207752488a0 WorkerThread "GC Thread#6"                     [id=7280, stack(0x000000e3c8a00000,0x000000e3c8b00000) (1024K)]
  0x0000020775248c50 WorkerThread "GC Thread#7"                     [id=3604, stack(0x000000e3c8b00000,0x000000e3c8c00000) (1024K)]
  0x0000020709c01790 ConcurrentGCThread "G1 Main Marker"            [id=1404, stack(0x000000e3c7300000,0x000000e3c7400000) (1024K)]
  0x0000020709c04970 WorkerThread "G1 Conc#0"                       [id=9532, stack(0x000000e3c7400000,0x000000e3c7500000) (1024K)]
  0x0000020709c5ea40 ConcurrentGCThread "G1 Refine#0"               [id=6752, stack(0x000000e3c7500000,0x000000e3c7600000) (1024K)]
  0x00000207267d06a0 ConcurrentGCThread "G1 Service"                [id=14424, stack(0x000000e3c7600000,0x000000e3c7700000) (1024K)]
Total: 14

Threads with active compile tasks:
C2 CompilerThread0  877 1359   !   4       sun.nio.cs.StreamDecoder::read (78 bytes)
C1 CompilerThread0  877 1423       1       org.codehaus.plexus.util.xml.pull.MXParser::getDepth (5 bytes)
C2 CompilerThread1  877 1360       4       sun.nio.cs.StreamDecoder::lockedRead (189 bytes)
C2 CompilerThread2  877 1362       4       java.io.InputStreamReader::read (11 bytes)
Total: 4

VM state: not at safepoint (normal execution)

VM Mutex/Monitor currently owned by a thread:  ([mutex/lock_event])
[0x00007ffdad021890] Metaspace_lock - owner thread: 0x00000207078d5f60

Heap address: 0x0000000082400000, size: 2012 MB, Compressed Oops mode: 32-bit

CDS archive(s) mapped at: [0x0000020727000000-0x0000020727d70000-0x0000020727d70000), size 14090240, SharedBaseAddress: 0x0000020727000000, ArchiveRelocationMode: 1.
Compressed class space mapped at: 0x0000020728000000-0x0000020768000000, reserved size: 1073741824
Narrow klass base: 0x0000020727000000, Narrow klass shift: 0, Narrow klass range: 0x41000000

GC Precious Log:
 CardTable entry size: 512
 Card Set container configuration: InlinePtr #cards 5 size 8 Array Of Cards #cards 10 size 36 Howl #buckets 4 coarsen threshold 1843 Howl Bitmap #cards 512 size 80 coarsen threshold 460 Card regions per heap region 1 cards per card region 2048
 CPUs: 8 total, 8 available
 Memory: 8041M
 Large Page Support: Disabled
 NUMA Support: Disabled
 Compressed Oops: Enabled (32-bit)
 Heap Region Size: 1M
 Heap Min Capacity: 8M
 Heap Initial Capacity: 126M
 Heap Max Capacity: 2012M
 Pre-touch: Disabled
 Parallel Workers: 8
 Concurrent Workers: 2
 Concurrent Refinement Workers: 8
 Periodic GC: Disabled

Heap:
 garbage-first heap   total reserved 2060288K, committed 129024K, used 11112K [0x0000000082400000, 0x0000000100000000)
  region size 1024K, 11 young (11264K), 3 survivors (3072K)
 Metaspace       used 6627K, committed 6784K, reserved 1114112K
  class space    used 812K, committed 896K, reserved 1048576K

Heap Regions: E=young(eden), S=young(survivor), O=old, HS=humongous(starts), HC=humongous(continues), CS=collection set, F=free, TAMS=top-at-mark-start, PB=parsable bottom
|   0|0x0000000082400000, 0x00000000824da3e0, 0x0000000082500000| 85%| O|  |TAMS 0x0000000082400000| PB 0x0000000082400000| Untracked |  0
|   1|0x0000000082500000, 0x0000000082500000, 0x0000000082600000|  0%| F|  |TAMS 0x0000000082500000| PB 0x0000000082500000| Untracked |  0
|   2|0x0000000082600000, 0x0000000082600000, 0x0000000082700000|  0%| F|  |TAMS 0x0000000082600000| PB 0x0000000082600000| Untracked |  0
|   3|0x0000000082700000, 0x0000000082700000, 0x0000000082800000|  0%| F|  |TAMS 0x0000000082700000| PB 0x0000000082700000| Untracked |  0
|   4|0x0000000082800000, 0x0000000082800000, 0x0000000082900000|  0%| F|  |TAMS 0x0000000082800000| PB 0x0000000082800000| Untracked |  0
|   5|0x0000000082900000, 0x0000000082900000, 0x0000000082a00000|  0%| F|  |TAMS 0x0000000082900000| PB 0x0000000082900000| Untracked |  0
|   6|0x0000000082a00000, 0x0000000082a00000, 0x0000000082b00000|  0%| F|  |TAMS 0x0000000082a00000| PB 0x0000000082a00000| Untracked |  0
|   7|0x0000000082b00000, 0x0000000082b00000, 0x0000000082c00000|  0%| F|  |TAMS 0x0000000082b00000| PB 0x0000000082b00000| Untracked |  0
|   8|0x0000000082c00000, 0x0000000082c00000, 0x0000000082d00000|  0%| F|  |TAMS 0x0000000082c00000| PB 0x0000000082c00000| Untracked |  0
|   9|0x0000000082d00000, 0x0000000082d00000, 0x0000000082e00000|  0%| F|  |TAMS 0x0000000082d00000| PB 0x0000000082d00000| Untracked |  0
|  10|0x0000000082e00000, 0x0000000082e00000, 0x0000000082f00000|  0%| F|  |TAMS 0x0000000082e00000| PB 0x0000000082e00000| Untracked |  0
|  11|0x0000000082f00000, 0x0000000082f00000, 0x0000000083000000|  0%| F|  |TAMS 0x0000000082f00000| PB 0x0000000082f00000| Untracked |  0
|  12|0x0000000083000000, 0x0000000083000000, 0x0000000083100000|  0%| F|  |TAMS 0x0000000083000000| PB 0x0000000083000000| Untracked |  0
|  13|0x0000000083100000, 0x0000000083100000, 0x0000000083200000|  0%| F|  |TAMS 0x0000000083100000| PB 0x0000000083100000| Untracked |  0
|  14|0x0000000083200000, 0x0000000083200000, 0x0000000083300000|  0%| F|  |TAMS 0x0000000083200000| PB 0x0000000083200000| Untracked |  0
|  15|0x0000000083300000, 0x0000000083300000, 0x0000000083400000|  0%| F|  |TAMS 0x0000000083300000| PB 0x0000000083300000| Untracked |  0
|  16|0x0000000083400000, 0x0000000083400000, 0x0000000083500000|  0%| F|  |TAMS 0x0000000083400000| PB 0x0000000083400000| Untracked |  0
|  17|0x0000000083500000, 0x0000000083500000, 0x0000000083600000|  0%| F|  |TAMS 0x0000000083500000| PB 0x0000000083500000| Untracked |  0
|  18|0x0000000083600000, 0x0000000083600000, 0x0000000083700000|  0%| F|  |TAMS 0x0000000083600000| PB 0x0000000083600000| Untracked |  0
|  19|0x0000000083700000, 0x0000000083700000, 0x0000000083800000|  0%| F|  |TAMS 0x0000000083700000| PB 0x0000000083700000| Untracked |  0
|  20|0x0000000083800000, 0x0000000083800000, 0x0000000083900000|  0%| F|  |TAMS 0x0000000083800000| PB 0x0000000083800000| Untracked |  0
|  21|0x0000000083900000, 0x0000000083900000, 0x0000000083a00000|  0%| F|  |TAMS 0x0000000083900000| PB 0x0000000083900000| Untracked |  0
|  22|0x0000000083a00000, 0x0000000083a00000, 0x0000000083b00000|  0%| F|  |TAMS 0x0000000083a00000| PB 0x0000000083a00000| Untracked |  0
|  23|0x0000000083b00000, 0x0000000083b00000, 0x0000000083c00000|  0%| F|  |TAMS 0x0000000083b00000| PB 0x0000000083b00000| Untracked |  0
|  24|0x0000000083c00000, 0x0000000083c00000, 0x0000000083d00000|  0%| F|  |TAMS 0x0000000083c00000| PB 0x0000000083c00000| Untracked |  0
|  25|0x0000000083d00000, 0x0000000083d00000, 0x0000000083e00000|  0%| F|  |TAMS 0x0000000083d00000| PB 0x0000000083d00000| Untracked |  0
|  26|0x0000000083e00000, 0x0000000083e00000, 0x0000000083f00000|  0%| F|  |TAMS 0x0000000083e00000| PB 0x0000000083e00000| Untracked |  0
|  27|0x0000000083f00000, 0x0000000083f00000, 0x0000000084000000|  0%| F|  |TAMS 0x0000000083f00000| PB 0x0000000083f00000| Untracked |  0
|  28|0x0000000084000000, 0x0000000084000000, 0x0000000084100000|  0%| F|  |TAMS 0x0000000084000000| PB 0x0000000084000000| Untracked |  0
|  29|0x0000000084100000, 0x0000000084100000, 0x0000000084200000|  0%| F|  |TAMS 0x0000000084100000| PB 0x0000000084100000| Untracked |  0
|  30|0x0000000084200000, 0x0000000084200000, 0x0000000084300000|  0%| F|  |TAMS 0x0000000084200000| PB 0x0000000084200000| Untracked |  0
|  31|0x0000000084300000, 0x0000000084300000, 0x0000000084400000|  0%| F|  |TAMS 0x0000000084300000| PB 0x0000000084300000| Untracked |  0
|  32|0x0000000084400000, 0x0000000084400000, 0x0000000084500000|  0%| F|  |TAMS 0x0000000084400000| PB 0x0000000084400000| Untracked |  0
|  33|0x0000000084500000, 0x0000000084500000, 0x0000000084600000|  0%| F|  |TAMS 0x0000000084500000| PB 0x0000000084500000| Untracked |  0
|  34|0x0000000084600000, 0x0000000084600000, 0x0000000084700000|  0%| F|  |TAMS 0x0000000084600000| PB 0x0000000084600000| Untracked |  0
|  35|0x0000000084700000, 0x0000000084700000, 0x0000000084800000|  0%| F|  |TAMS 0x0000000084700000| PB 0x0000000084700000| Untracked |  0
|  36|0x0000000084800000, 0x0000000084800000, 0x0000000084900000|  0%| F|  |TAMS 0x0000000084800000| PB 0x0000000084800000| Untracked |  0
|  37|0x0000000084900000, 0x0000000084900000, 0x0000000084a00000|  0%| F|  |TAMS 0x0000000084900000| PB 0x0000000084900000| Untracked |  0
|  38|0x0000000084a00000, 0x0000000084a00000, 0x0000000084b00000|  0%| F|  |TAMS 0x0000000084a00000| PB 0x0000000084a00000| Untracked |  0
|  39|0x0000000084b00000, 0x0000000084b00000, 0x0000000084c00000|  0%| F|  |TAMS 0x0000000084b00000| PB 0x0000000084b00000| Untracked |  0
|  40|0x0000000084c00000, 0x0000000084c00000, 0x0000000084d00000|  0%| F|  |TAMS 0x0000000084c00000| PB 0x0000000084c00000| Untracked |  0
|  41|0x0000000084d00000, 0x0000000084d00000, 0x0000000084e00000|  0%| F|  |TAMS 0x0000000084d00000| PB 0x0000000084d00000| Untracked |  0
|  42|0x0000000084e00000, 0x0000000084e00000, 0x0000000084f00000|  0%| F|  |TAMS 0x0000000084e00000| PB 0x0000000084e00000| Untracked |  0
|  43|0x0000000084f00000, 0x0000000084f00000, 0x0000000085000000|  0%| F|  |TAMS 0x0000000084f00000| PB 0x0000000084f00000| Untracked |  0
|  44|0x0000000085000000, 0x0000000085000000, 0x0000000085100000|  0%| F|  |TAMS 0x0000000085000000| PB 0x0000000085000000| Untracked |  0
|  45|0x0000000085100000, 0x0000000085100000, 0x0000000085200000|  0%| F|  |TAMS 0x0000000085100000| PB 0x0000000085100000| Untracked |  0
|  46|0x0000000085200000, 0x0000000085200000, 0x0000000085300000|  0%| F|  |TAMS 0x0000000085200000| PB 0x0000000085200000| Untracked |  0
|  47|0x0000000085300000, 0x0000000085300000, 0x0000000085400000|  0%| F|  |TAMS 0x0000000085300000| PB 0x0000000085300000| Untracked |  0
|  48|0x0000000085400000, 0x0000000085400000, 0x0000000085500000|  0%| F|  |TAMS 0x0000000085400000| PB 0x0000000085400000| Untracked |  0
|  49|0x0000000085500000, 0x0000000085500000, 0x0000000085600000|  0%| F|  |TAMS 0x0000000085500000| PB 0x0000000085500000| Untracked |  0
|  50|0x0000000085600000, 0x0000000085600000, 0x0000000085700000|  0%| F|  |TAMS 0x0000000085600000| PB 0x0000000085600000| Untracked |  0
|  51|0x0000000085700000, 0x0000000085700000, 0x0000000085800000|  0%| F|  |TAMS 0x0000000085700000| PB 0x0000000085700000| Untracked |  0
|  52|0x0000000085800000, 0x0000000085800000, 0x0000000085900000|  0%| F|  |TAMS 0x0000000085800000| PB 0x0000000085800000| Untracked |  0
|  53|0x0000000085900000, 0x0000000085900000, 0x0000000085a00000|  0%| F|  |TAMS 0x0000000085900000| PB 0x0000000085900000| Untracked |  0
|  54|0x0000000085a00000, 0x0000000085a00000, 0x0000000085b00000|  0%| F|  |TAMS 0x0000000085a00000| PB 0x0000000085a00000| Untracked |  0
|  55|0x0000000085b00000, 0x0000000085b00000, 0x0000000085c00000|  0%| F|  |TAMS 0x0000000085b00000| PB 0x0000000085b00000| Untracked |  0
|  56|0x0000000085c00000, 0x0000000085c00000, 0x0000000085d00000|  0%| F|  |TAMS 0x0000000085c00000| PB 0x0000000085c00000| Untracked |  0
|  57|0x0000000085d00000, 0x0000000085d00000, 0x0000000085e00000|  0%| F|  |TAMS 0x0000000085d00000| PB 0x0000000085d00000| Untracked |  0
|  58|0x0000000085e00000, 0x0000000085e00000, 0x0000000085f00000|  0%| F|  |TAMS 0x0000000085e00000| PB 0x0000000085e00000| Untracked |  0
|  59|0x0000000085f00000, 0x0000000085f00000, 0x0000000086000000|  0%| F|  |TAMS 0x0000000085f00000| PB 0x0000000085f00000| Untracked |  0
|  60|0x0000000086000000, 0x0000000086000000, 0x0000000086100000|  0%| F|  |TAMS 0x0000000086000000| PB 0x0000000086000000| Untracked |  0
|  61|0x0000000086100000, 0x0000000086100000, 0x0000000086200000|  0%| F|  |TAMS 0x0000000086100000| PB 0x0000000086100000| Untracked |  0
|  62|0x0000000086200000, 0x0000000086200000, 0x0000000086300000|  0%| F|  |TAMS 0x0000000086200000| PB 0x0000000086200000| Untracked |  0
|  63|0x0000000086300000, 0x0000000086300000, 0x0000000086400000|  0%| F|  |TAMS 0x0000000086300000| PB 0x0000000086300000| Untracked |  0
|  64|0x0000000086400000, 0x0000000086400000, 0x0000000086500000|  0%| F|  |TAMS 0x0000000086400000| PB 0x0000000086400000| Untracked |  0
|  65|0x0000000086500000, 0x0000000086500000, 0x0000000086600000|  0%| F|  |TAMS 0x0000000086500000| PB 0x0000000086500000| Untracked |  0
|  66|0x0000000086600000, 0x0000000086600000, 0x0000000086700000|  0%| F|  |TAMS 0x0000000086600000| PB 0x0000000086600000| Untracked |  0
|  67|0x0000000086700000, 0x0000000086700000, 0x0000000086800000|  0%| F|  |TAMS 0x0000000086700000| PB 0x0000000086700000| Untracked |  0
|  68|0x0000000086800000, 0x0000000086800000, 0x0000000086900000|  0%| F|  |TAMS 0x0000000086800000| PB 0x0000000086800000| Untracked |  0
|  69|0x0000000086900000, 0x0000000086900000, 0x0000000086a00000|  0%| F|  |TAMS 0x0000000086900000| PB 0x0000000086900000| Untracked |  0
|  70|0x0000000086a00000, 0x0000000086a00000, 0x0000000086b00000|  0%| F|  |TAMS 0x0000000086a00000| PB 0x0000000086a00000| Untracked |  0
|  71|0x0000000086b00000, 0x0000000086b00000, 0x0000000086c00000|  0%| F|  |TAMS 0x0000000086b00000| PB 0x0000000086b00000| Untracked |  0
|  72|0x0000000086c00000, 0x0000000086c00000, 0x0000000086d00000|  0%| F|  |TAMS 0x0000000086c00000| PB 0x0000000086c00000| Untracked |  0
|  73|0x0000000086d00000, 0x0000000086d00000, 0x0000000086e00000|  0%| F|  |TAMS 0x0000000086d00000| PB 0x0000000086d00000| Untracked |  0
|  74|0x0000000086e00000, 0x0000000086e00000, 0x0000000086f00000|  0%| F|  |TAMS 0x0000000086e00000| PB 0x0000000086e00000| Untracked |  0
|  75|0x0000000086f00000, 0x0000000086f00000, 0x0000000087000000|  0%| F|  |TAMS 0x0000000086f00000| PB 0x0000000086f00000| Untracked |  0
|  76|0x0000000087000000, 0x0000000087000000, 0x0000000087100000|  0%| F|  |TAMS 0x0000000087000000| PB 0x0000000087000000| Untracked |  0
|  77|0x0000000087100000, 0x0000000087100000, 0x0000000087200000|  0%| F|  |TAMS 0x0000000087100000| PB 0x0000000087100000| Untracked |  0
|  78|0x0000000087200000, 0x0000000087200000, 0x0000000087300000|  0%| F|  |TAMS 0x0000000087200000| PB 0x0000000087200000| Untracked |  0
|  79|0x0000000087300000, 0x0000000087300000, 0x0000000087400000|  0%| F|  |TAMS 0x0000000087300000| PB 0x0000000087300000| Untracked |  0
|  80|0x0000000087400000, 0x0000000087400000, 0x0000000087500000|  0%| F|  |TAMS 0x0000000087400000| PB 0x0000000087400000| Untracked |  0
|  81|0x0000000087500000, 0x0000000087500000, 0x0000000087600000|  0%| F|  |TAMS 0x0000000087500000| PB 0x0000000087500000| Untracked |  0
|  82|0x0000000087600000, 0x0000000087600000, 0x0000000087700000|  0%| F|  |TAMS 0x0000000087600000| PB 0x0000000087600000| Untracked |  0
|  83|0x0000000087700000, 0x0000000087700000, 0x0000000087800000|  0%| F|  |TAMS 0x0000000087700000| PB 0x0000000087700000| Untracked |  0
|  84|0x0000000087800000, 0x0000000087800000, 0x0000000087900000|  0%| F|  |TAMS 0x0000000087800000| PB 0x0000000087800000| Untracked |  0
|  85|0x0000000087900000, 0x0000000087900000, 0x0000000087a00000|  0%| F|  |TAMS 0x0000000087900000| PB 0x0000000087900000| Untracked |  0
|  86|0x0000000087a00000, 0x0000000087a00000, 0x0000000087b00000|  0%| F|  |TAMS 0x0000000087a00000| PB 0x0000000087a00000| Untracked |  0
|  87|0x0000000087b00000, 0x0000000087b00000, 0x0000000087c00000|  0%| F|  |TAMS 0x0000000087b00000| PB 0x0000000087b00000| Untracked |  0
|  88|0x0000000087c00000, 0x0000000087c00000, 0x0000000087d00000|  0%| F|  |TAMS 0x0000000087c00000| PB 0x0000000087c00000| Untracked |  0
|  89|0x0000000087d00000, 0x0000000087d00000, 0x0000000087e00000|  0%| F|  |TAMS 0x0000000087d00000| PB 0x0000000087d00000| Untracked |  0
|  90|0x0000000087e00000, 0x0000000087e00000, 0x0000000087f00000|  0%| F|  |TAMS 0x0000000087e00000| PB 0x0000000087e00000| Untracked |  0
|  91|0x0000000087f00000, 0x0000000087f00000, 0x0000000088000000|  0%| F|  |TAMS 0x0000000087f00000| PB 0x0000000087f00000| Untracked |  0
|  92|0x0000000088000000, 0x0000000088000000, 0x0000000088100000|  0%| F|  |TAMS 0x0000000088000000| PB 0x0000000088000000| Untracked |  0
|  93|0x0000000088100000, 0x0000000088100000, 0x0000000088200000|  0%| F|  |TAMS 0x0000000088100000| PB 0x0000000088100000| Untracked |  0
|  94|0x0000000088200000, 0x0000000088200000, 0x0000000088300000|  0%| F|  |TAMS 0x0000000088200000| PB 0x0000000088200000| Untracked |  0
|  95|0x0000000088300000, 0x0000000088300000, 0x0000000088400000|  0%| F|  |TAMS 0x0000000088300000| PB 0x0000000088300000| Untracked |  0
|  96|0x0000000088400000, 0x0000000088400000, 0x0000000088500000|  0%| F|  |TAMS 0x0000000088400000| PB 0x0000000088400000| Untracked |  0
|  97|0x0000000088500000, 0x0000000088500000, 0x0000000088600000|  0%| F|  |TAMS 0x0000000088500000| PB 0x0000000088500000| Untracked |  0
|  98|0x0000000088600000, 0x0000000088600000, 0x0000000088700000|  0%| F|  |TAMS 0x0000000088600000| PB 0x0000000088600000| Untracked |  0
|  99|0x0000000088700000, 0x0000000088800000, 0x0000000088800000|100%| S|CS|TAMS 0x0000000088700000| PB 0x0000000088700000| Complete |  0
| 100|0x0000000088800000, 0x0000000088900000, 0x0000000088900000|100%| S|CS|TAMS 0x0000000088800000| PB 0x0000000088800000| Complete |  0
| 101|0x0000000088900000, 0x0000000088a00000, 0x0000000088a00000|100%| S|CS|TAMS 0x0000000088900000| PB 0x0000000088900000| Complete |  0
| 102|0x0000000088a00000, 0x0000000088a00000, 0x0000000088b00000|  0%| F|  |TAMS 0x0000000088a00000| PB 0x0000000088a00000| Untracked |  0
| 103|0x0000000088b00000, 0x0000000088b00000, 0x0000000088c00000|  0%| F|  |TAMS 0x0000000088b00000| PB 0x0000000088b00000| Untracked |  0
| 104|0x0000000088c00000, 0x0000000088c00000, 0x0000000088d00000|  0%| F|  |TAMS 0x0000000088c00000| PB 0x0000000088c00000| Untracked |  0
| 105|0x0000000088d00000, 0x0000000088d00000, 0x0000000088e00000|  0%| F|  |TAMS 0x0000000088d00000| PB 0x0000000088d00000| Untracked |  0
| 106|0x0000000088e00000, 0x0000000088e00000, 0x0000000088f00000|  0%| F|  |TAMS 0x0000000088e00000| PB 0x0000000088e00000| Untracked |  0
| 107|0x0000000088f00000, 0x0000000088f00000, 0x0000000089000000|  0%| F|  |TAMS 0x0000000088f00000| PB 0x0000000088f00000| Untracked |  0
| 108|0x0000000089000000, 0x0000000089000000, 0x0000000089100000|  0%| F|  |TAMS 0x0000000089000000| PB 0x0000000089000000| Untracked |  0
| 109|0x0000000089100000, 0x0000000089100000, 0x0000000089200000|  0%| F|  |TAMS 0x0000000089100000| PB 0x0000000089100000| Untracked |  0
| 110|0x0000000089200000, 0x0000000089200000, 0x0000000089300000|  0%| F|  |TAMS 0x0000000089200000| PB 0x0000000089200000| Untracked |  0
| 111|0x0000000089300000, 0x0000000089300000, 0x0000000089400000|  0%| F|  |TAMS 0x0000000089300000| PB 0x0000000089300000| Untracked |  0
| 112|0x0000000089400000, 0x0000000089400000, 0x0000000089500000|  0%| F|  |TAMS 0x0000000089400000| PB 0x0000000089400000| Untracked |  0
| 113|0x0000000089500000, 0x0000000089500000, 0x0000000089600000|  0%| F|  |TAMS 0x0000000089500000| PB 0x0000000089500000| Untracked |  0
| 114|0x0000000089600000, 0x0000000089600000, 0x0000000089700000|  0%| F|  |TAMS 0x0000000089600000| PB 0x0000000089600000| Untracked |  0
| 115|0x0000000089700000, 0x0000000089700000, 0x0000000089800000|  0%| F|  |TAMS 0x0000000089700000| PB 0x0000000089700000| Untracked |  0
| 116|0x0000000089800000, 0x0000000089800000, 0x0000000089900000|  0%| F|  |TAMS 0x0000000089800000| PB 0x0000000089800000| Untracked |  0
| 117|0x0000000089900000, 0x0000000089900000, 0x0000000089a00000|  0%| F|  |TAMS 0x0000000089900000| PB 0x0000000089900000| Untracked |  0
| 118|0x0000000089a00000, 0x0000000089acb5c0, 0x0000000089b00000| 79%| E|  |TAMS 0x0000000089a00000| PB 0x0000000089a00000| Complete |  0
| 119|0x0000000089b00000, 0x0000000089c00000, 0x0000000089c00000|100%| E|CS|TAMS 0x0000000089b00000| PB 0x0000000089b00000| Complete |  0
| 120|0x0000000089c00000, 0x0000000089d00000, 0x0000000089d00000|100%| E|CS|TAMS 0x0000000089c00000| PB 0x0000000089c00000| Complete |  0
| 121|0x0000000089d00000, 0x0000000089e00000, 0x0000000089e00000|100%| E|CS|TAMS 0x0000000089d00000| PB 0x0000000089d00000| Complete |  0
| 122|0x0000000089e00000, 0x0000000089f00000, 0x0000000089f00000|100%| E|CS|TAMS 0x0000000089e00000| PB 0x0000000089e00000| Complete |  0
| 123|0x0000000089f00000, 0x000000008a000000, 0x000000008a000000|100%| E|CS|TAMS 0x0000000089f00000| PB 0x0000000089f00000| Complete |  0
| 124|0x000000008a000000, 0x000000008a100000, 0x000000008a100000|100%| E|CS|TAMS 0x000000008a000000| PB 0x000000008a000000| Complete |  0
| 125|0x000000008a100000, 0x000000008a200000, 0x000000008a200000|100%| E|CS|TAMS 0x000000008a100000| PB 0x000000008a100000| Complete |  0

Card table byte_map: [0x0000020721b20000,0x0000020721f10000] _byte_map_base: 0x000002072170e000

Marking Bits: (CMBitMap*) 0x0000020709bed240
 Bits: [0x0000020721f10000, 0x0000020723e80000)

Polling page: 0x0000020707ba0000

Metaspace:

Usage:
  Non-class:      5.68 MB used.
      Class:    812.03 KB used.
       Both:      6.47 MB used.

Virtual space:
  Non-class space:       64.00 MB reserved,       5.75 MB (  9%) committed,  1 nodes.
      Class space:        1.00 GB reserved,     896.00 KB ( <1%) committed,  1 nodes.
             Both:        1.06 GB reserved,       6.62 MB ( <1%) committed. 

Chunk freelists:
   Non-Class:  9.08 MB
       Class:  14.97 MB
        Both:  24.05 MB

MaxMetaspaceSize: unlimited
CompressedClassSpaceSize: 1.00 GB
Initial GC threshold: 21.00 MB
Current GC threshold: 21.00 MB
CDS: on
 - commit_granule_bytes: 65536.
 - commit_granule_words: 8192.
 - virtual_space_node_default_size: 8388608.
 - enlarge_chunks_in_place: 1.
 - use_allocation_guard: 0.


Internal statistics:

num_allocs_failed_limit: 0.
num_arena_births: 108.
num_arena_deaths: 0.
num_vsnodes_births: 2.
num_vsnodes_deaths: 0.
num_space_committed: 106.
num_space_uncommitted: 0.
num_chunks_returned_to_freelist: 0.
num_chunks_taken_from_freelist: 272.
num_chunk_merges: 0.
num_chunk_splits: 182.
num_chunks_enlarged: 140.
num_inconsistent_stats: 0.

CodeHeap 'non-profiled nmethods': size=120064Kb used=427Kb max_used=427Kb free=119637Kb
 bounds [0x0000020719d90000, 0x000002071a000000, 0x00000207212d0000]
CodeHeap 'profiled nmethods': size=120000Kb used=1943Kb max_used=1943Kb free=118057Kb
 bounds [0x00000207122d0000, 0x0000020712540000, 0x0000020719800000]
CodeHeap 'non-nmethods': size=5696Kb used=1390Kb max_used=1418Kb free=4305Kb
 bounds [0x0000020719800000, 0x0000020719a70000, 0x0000020719d90000]
CodeCache: size=245760Kb, used=3760Kb, max_used=3788Kb, free=241999Kb
 total_blobs=1895, nmethods=1398, adapters=403, full_count=0
Compilation: enabled, stopped_count=0, restarted_count=0

Compilation events (20 events):
Event: 0.785 Thread 0x0000020726956280 1403   !   3       java.util.jar.JarFile$JarFileEntry::getCodeSigners (77 bytes)
Event: 0.786 Thread 0x0000020726956280 nmethod 1403 0x00000207124b1288 code [0x00000207124b1420, 0x00000207124b1958]
Event: 0.786 Thread 0x0000020726956280 1404       3       java.security.SecureClassLoader::defineClass (16 bytes)
Event: 0.786 Thread 0x0000020726956280 nmethod 1404 0x00000207124b1988 code [0x00000207124b1ac0, 0x00000207124b1c68]
Event: 0.786 Thread 0x0000020726956280 1406       3       java.util.HashMap::isEmpty (13 bytes)
Event: 0.786 Thread 0x0000020726956280 nmethod 1406 0x00000207124b1c88 code [0x00000207124b1da0, 0x00000207124b1ef8]
Event: 0.786 Thread 0x0000020726956280 1405       3       java.lang.ClassLoader::defineClass (43 bytes)
Event: 0.787 Thread 0x0000020726956280 nmethod 1405 0x00000207124b1f88 code [0x00000207124b2100, 0x00000207124b2608]
Event: 0.787 Thread 0x0000020726956280 1407       3       org.codehaus.plexus.util.xml.pull.MXParser::isWhitespace (114 bytes)
Event: 0.788 Thread 0x0000020726956280 nmethod 1407 0x00000207124b2688 code [0x00000207124b2820, 0x00000207124b2fc0]
Event: 0.788 Thread 0x0000020726956280 1409       3       org.codehaus.plexus.util.xml.pull.MXParser::ensureElementsCapacity (265 bytes)
Event: 0.788 Thread 0x0000020726956280 nmethod 1409 0x00000207124b3008 code [0x00000207124b3200, 0x00000207124b41f0]
Event: 0.788 Thread 0x0000020726956280 1408       3       org.codehaus.plexus.util.xml.pull.MXParser::nextTag (82 bytes)
Event: 0.789 Thread 0x0000020726956280 nmethod 1408 0x00000207124b4288 code [0x00000207124b4480, 0x00000207124b4e00]
Event: 0.790 Thread 0x0000020726956280 1410       3       java.util.LinkedHashMap$LinkedHashIterator::nextNode (68 bytes)
Event: 0.790 Thread 0x0000020726956280 nmethod 1410 0x00000207124b4e88 code [0x00000207124b4fe0, 0x00000207124b53b8]
Event: 0.790 Thread 0x0000020726956280 1411       3       java.lang.StringBuilder::charAt (6 bytes)
Event: 0.790 Thread 0x0000020726956280 nmethod 1411 0x00000207124b5408 code [0x00000207124b5520, 0x00000207124b5660]
Event: 0.790 Thread 0x0000020726956280 1412       3       java.lang.AbstractStringBuilder::charAt (36 bytes)
Event: 0.791 Thread 0x0000020726956280 nmethod 1412 0x00000207124b5708 code [0x00000207124b5840, 0x00000207124b5b58]

GC Heap History (2 events):
Event: 0.767 GC heap before
{Heap before GC invocations=0 (full 0):
 garbage-first heap   total reserved 2060288K, committed 129024K, used 23552K [0x0000000082400000, 0x0000000100000000)
  region size 1024K, 24 young (24576K), 0 survivors (0K)
 Metaspace       used 6399K, committed 6592K, reserved 1114112K
  class space    used 768K, committed 832K, reserved 1048576K
}
Event: 0.774 GC heap after
{Heap after GC invocations=1 (full 0):
 garbage-first heap   total reserved 2060288K, committed 129024K, used 3944K [0x0000000082400000, 0x0000000100000000)
  region size 1024K, 3 young (3072K), 3 survivors (3072K)
 Metaspace       used 6399K, committed 6592K, reserved 1114112K
  class space    used 768K, committed 832K, reserved 1048576K
}

Dll operation events (12 events):
Event: 0.012 Loaded shared library C:\Users\Владислав Мехедов\.jdks\openjdk-23\bin\java.dll
Event: 0.043 Loaded shared library C:\Users\Владислав Мехедов\.jdks\openjdk-23\bin\jsvml.dll
Event: 0.078 Loaded shared library C:\Users\Владислав Мехедов\.jdks\openjdk-23\bin\zip.dll
Event: 0.082 Loaded shared library C:\Users\Владислав Мехедов\.jdks\openjdk-23\bin\instrument.dll
Event: 0.090 Loaded shared library C:\Users\Владислав Мехедов\.jdks\openjdk-23\bin\net.dll
Event: 0.092 Loaded shared library C:\Users\Владислав Мехедов\.jdks\openjdk-23\bin\nio.dll
Event: 0.096 Loaded shared library C:\Users\Владислав Мехедов\.jdks\openjdk-23\bin\zip.dll
Event: 0.109 Loaded shared library C:\Program Files\JetBrains\IntelliJ IDEA 2024.2.0.1\bin\breakgen64.dll
Event: 0.123 Loaded shared library C:\Users\Владислав Мехедов\.jdks\openjdk-23\bin\extnet.dll
Event: 0.222 Loaded shared library C:\Users\Владислав Мехедов\.jdks\openjdk-23\bin\jimage.dll
Event: 0.277 Loaded shared library C:\Users\Владислав Мехедов\AppData\Local\Temp\jansi-2.4.1-e4f67eb2a5b9f002-jansi.dll
Event: 0.285 Loaded shared library C:\Users\Владислав Мехедов\.jdks\openjdk-23\bin\verify.dll

Deoptimization events (20 events):
Event: 0.736 Thread 0x00000207078d5f60 Uncommon trap: trap_request=0xffffff76 fr.pc=0x0000020719dd5a6c relative=0x000000000000022c
Event: 0.736 Thread 0x00000207078d5f60 Uncommon trap: reason=predicate action=maybe_recompile pc=0x0000020719dd5a6c method=java.util.regex.Pattern$BmpCharPropertyGreedy.match(Ljava/util/regex/Matcher;ILjava/lang/CharSequence;)Z @ 12 c2
Event: 0.736 Thread 0x00000207078d5f60 DEOPT PACKING pc=0x0000020719dd5a6c sp=0x000000e3c71fdc90
Event: 0.736 Thread 0x00000207078d5f60 DEOPT UNPACKING pc=0x0000020719854402 sp=0x000000e3c71fdc48 mode 2
Event: 0.737 Thread 0x00000207078d5f60 Uncommon trap: trap_request=0xffffff45 fr.pc=0x0000020719dcd2b8 relative=0x00000000000000b8
Event: 0.737 Thread 0x00000207078d5f60 Uncommon trap: reason=unstable_if action=reinterpret pc=0x0000020719dcd2b8 method=org.codehaus.plexus.util.xml.pull.MXParser.more()C @ 8 c2
Event: 0.737 Thread 0x00000207078d5f60 DEOPT PACKING pc=0x0000020719dcd2b8 sp=0x000000e3c71fe050
Event: 0.737 Thread 0x00000207078d5f60 DEOPT UNPACKING pc=0x0000020719854402 sp=0x000000e3c71fdfe0 mode 2
Event: 0.774 Thread 0x00000207269265b0 Uncommon trap: trap_request=0xffffff45 fr.pc=0x0000020719df86c0 relative=0x0000000000000040
Event: 0.774 Thread 0x00000207269265b0 Uncommon trap: reason=unstable_if action=reinterpret pc=0x0000020719df86c0 method=java.util.concurrent.locks.AbstractQueuedSynchronizer.signalNext(Ljava/util/concurrent/locks/AbstractQueuedSynchronizer$Node;)V @ 1 c2
Event: 0.775 Thread 0x00000207269265b0 DEOPT PACKING pc=0x0000020719df86c0 sp=0x000000e3c79ff530
Event: 0.775 Thread 0x00000207269265b0 DEOPT UNPACKING pc=0x0000020719854402 sp=0x000000e3c79ff4c0 mode 2
Event: 0.775 Thread 0x00000207269265b0 Uncommon trap: trap_request=0xffffff45 fr.pc=0x0000020719df8488 relative=0x0000000000000188
Event: 0.775 Thread 0x00000207269265b0 Uncommon trap: reason=unstable_if action=reinterpret pc=0x0000020719df8488 method=java.util.concurrent.locks.ReentrantLock$NonfairSync.initialTryLock()Z @ 25 c2
Event: 0.775 Thread 0x00000207269265b0 DEOPT PACKING pc=0x0000020719df8488 sp=0x000000e3c79ff510
Event: 0.775 Thread 0x00000207269265b0 DEOPT UNPACKING pc=0x0000020719854402 sp=0x000000e3c79ff4b0 mode 2
Event: 0.775 Thread 0x00000207268fbbb0 Uncommon trap: trap_request=0xffffff45 fr.pc=0x0000020719ddb45c relative=0x000000000000005c
Event: 0.775 Thread 0x00000207268fbbb0 Uncommon trap: reason=unstable_if action=reinterpret pc=0x0000020719ddb45c method=java.lang.ref.ReferenceQueue.headIsNull()Z @ 4 c2
Event: 0.775 Thread 0x00000207268fbbb0 DEOPT PACKING pc=0x0000020719ddb45c sp=0x000000e3c81fedb0
Event: 0.775 Thread 0x00000207268fbbb0 DEOPT UNPACKING pc=0x0000020719854402 sp=0x000000e3c81fecd8 mode 2

Classes loaded (20 events):
Event: 0.700 Loading class java/util/concurrent/CancellationException
Event: 0.700 Loading class java/util/concurrent/CancellationException done
Event: 0.701 Loading class sun/misc/Unsafe
Event: 0.701 Loading class sun/misc/Unsafe done
Event: 0.701 Loading class sun/misc/Unsafe$MemoryAccessOption
Event: 0.701 Loading class sun/misc/Unsafe$MemoryAccessOption done
Event: 0.702 Loading class java/lang/invoke/DirectMethodHandle$StaticAccessor
Event: 0.702 Loading class java/lang/invoke/DirectMethodHandle$StaticAccessor done
Event: 0.707 Loading class java/lang/reflect/ParameterizedType
Event: 0.707 Loading class java/lang/reflect/ParameterizedType done
Event: 0.710 Loading class java/lang/reflect/WildcardType
Event: 0.710 Loading class java/lang/reflect/WildcardType done
Event: 0.713 Loading class sun/reflect/generics/tree/TypeVariableSignature
Event: 0.713 Loading class sun/reflect/generics/tree/TypeVariableSignature done
Event: 0.731 Loading class java/lang/annotation/IncompleteAnnotationException
Event: 0.731 Loading class java/lang/annotation/IncompleteAnnotationException done
Event: 0.775 Loading class java/util/WeakHashMap$KeyIterator
Event: 0.775 Loading class java/util/WeakHashMap$HashIterator
Event: 0.775 Loading class java/util/WeakHashMap$HashIterator done
Event: 0.775 Loading class java/util/WeakHashMap$KeyIterator done

Classes unloaded (0 events):
No events

Classes redefined (0 events):
No events

Internal exceptions (20 events):
Event: 0.106 Thread 0x00000207078d5f60 Exception <a 'java/lang/NoSuchMethodError'{0x0000000089f71fc0}: 'java.lang.Object java.lang.invoke.Invokers$Holder.invokeExact_MT(java.lang.Object, java.lang.Object, java.lang.Object, java.lang.Object, java.lang.Object)'> (0x0000000089f71fc0) 
thrown [s\open\src\hotspot\share\interpreter\linkResolver.cpp, line 796]
Event: 0.125 Thread 0x0000020726bd8bf0 Exception <a 'java/lang/NoSuchMethodError'{0x0000000089e01ac8}: 'void java.lang.invoke.DirectMethodHandle$Holder.invokeStatic(java.lang.Object, java.lang.Object)'> (0x0000000089e01ac8) 
thrown [s\open\src\hotspot\share\interpreter\linkResolver.cpp, line 796]
Event: 0.142 Thread 0x00000207078d5f60 Exception <a 'java/lang/NoSuchMethodError'{0x0000000089ea50e0}: 'int java.lang.invoke.DirectMethodHandle$Holder.invokeSpecial(java.lang.Object, java.lang.Object, java.lang.Object)'> (0x0000000089ea50e0) 
thrown [s\open\src\hotspot\share\interpreter\linkResolver.cpp, line 796]
Event: 0.217 Thread 0x00000207078d5f60 Exception <a 'java/lang/NullPointerException'{0x0000000089b8a3a8}> (0x0000000089b8a3a8) 
thrown [s\open\src\hotspot\share\interpreter\linkResolver.cpp, line 1389]
Event: 0.224 Thread 0x000002076c1f7330 Exception <a 'java/lang/NoSuchMethodError'{0x0000000089bfe390}: 'void java.lang.invoke.DirectMethodHandle$Holder.invokeVirtual(java.lang.Object, java.lang.Object)'> (0x0000000089bfe390) 
thrown [s\open\src\hotspot\share\interpreter\linkResolver.cpp, line 796]
Event: 0.225 Thread 0x000002076c1f7330 Exception <a 'java/lang/NoSuchMethodError'{0x0000000089a01da0}: 'void java.lang.invoke.DirectMethodHandle$Holder.invokeSpecial(java.lang.Object, java.lang.Object, java.lang.Object)'> (0x0000000089a01da0) 
thrown [s\open\src\hotspot\share\interpreter\linkResolver.cpp, line 796]
Event: 0.229 Thread 0x000002076c1f7330 Exception <a 'java/lang/NoSuchMethodError'{0x0000000089a236a8}: 'java.lang.Object java.lang.invoke.DirectMethodHandle$Holder.invokeStatic(java.lang.Object, java.lang.Object, java.lang.Object, java.lang.Object, int)'> (0x0000000089a236a8) 
thrown [s\open\src\hotspot\share\interpreter\linkResolver.cpp, line 796]
Event: 0.230 Thread 0x000002076c1f7330 Exception <a 'java/lang/NoSuchMethodError'{0x0000000089a2b6e0}: 'long java.lang.invoke.DirectMethodHandle$Holder.invokeStatic(java.lang.Object, java.lang.Object, int)'> (0x0000000089a2b6e0) 
thrown [s\open\src\hotspot\share\interpreter\linkResolver.cpp, line 796]
Event: 0.232 Thread 0x000002076c1f7330 Exception <a 'java/lang/NoSuchMethodError'{0x0000000089a36c70}: 'java.lang.Object java.lang.invoke.DelegatingMethodHandle$Holder.reinvoke_L(java.lang.Object, int, long, java.lang.Object, java.lang.Object, int, java.lang.Object)'> (0x0000000089a36c70) 
thrown [s\open\src\hotspot\share\interpreter\linkResolver.cpp, line 796]
Event: 0.237 Thread 0x000002076c1f7330 Exception <a 'java/lang/NoSuchMethodError'{0x0000000089a5da00}: 'java.lang.Object java.lang.invoke.DirectMethodHandle$Holder.invokeStatic(java.lang.Object, java.lang.Object, int)'> (0x0000000089a5da00) 
thrown [s\open\src\hotspot\share\interpreter\linkResolver.cpp, line 796]
Event: 0.238 Thread 0x000002076c1f7330 Exception <a 'java/lang/NoSuchMethodError'{0x0000000089a69190}: 'void java.lang.invoke.DelegatingMethodHandle$Holder.delegate(java.lang.Object, java.lang.Object, int, java.lang.Object)'> (0x0000000089a69190) 
thrown [s\open\src\hotspot\share\interpreter\linkResolver.cpp, line 796]
Event: 0.246 Thread 0x00000207078d5f60 Exception <a 'sun/nio/fs/WindowsException'{0x0000000089bb88e0}> (0x0000000089bb88e0) 
thrown [s\open\src\hotspot\share\prims\jni.cpp, line 520]
Event: 0.293 Thread 0x00000207078d5f60 Exception <a 'java/lang/NoSuchMethodError'{0x0000000089972060}: 'void java.lang.invoke.DirectMethodHandle$Holder.invokeStaticInit(java.lang.Object, java.lang.Object)'> (0x0000000089972060) 
thrown [s\open\src\hotspot\share\interpreter\linkResolver.cpp, line 796]
Event: 0.364 Thread 0x00000207078d5f60 Exception <a 'java/lang/NoSuchMethodError'{0x0000000089763fd0}: 'java.lang.Object java.lang.invoke.DirectMethodHandle$Holder.invokeSpecialIFC(java.lang.Object, java.lang.Object, java.lang.Object, java.lang.Object)'> (0x0000000089763fd0) 
thrown [s\open\src\hotspot\share\interpreter\linkResolver.cpp, line 796]
Event: 0.590 Thread 0x00000207078d5f60 Exception <a 'java/lang/NoSuchMethodError'{0x0000000088f26d18}: 'java.lang.Object java.lang.invoke.DirectMethodHandle$Holder.invokeInterface(java.lang.Object, java.lang.Object)'> (0x0000000088f26d18) 
thrown [s\open\src\hotspot\share\interpreter\linkResolver.cpp, line 796]
Event: 0.604 Thread 0x00000207078d5f60 Exception <a 'java/lang/NoSuchMethodError'{0x0000000088fd8050}: 'int java.lang.invoke.DirectMethodHandle$Holder.invokeStatic(java.lang.Object, java.lang.Object, java.lang.Object, java.lang.Object)'> (0x0000000088fd8050) 
thrown [s\open\src\hotspot\share\interpreter\linkResolver.cpp, line 796]
Event: 0.606 Thread 0x00000207078d5f60 Exception <a 'java/lang/NoSuchMethodError'{0x0000000088fe68d0}: 'int java.lang.invoke.DirectMethodHandle$Holder.invokeSpecialIFC(java.lang.Object, java.lang.Object, java.lang.Object, java.lang.Object, java.lang.Object)'> (0x0000000088fe68d0) 
thrown [s\open\src\hotspot\share\interpreter\linkResolver.cpp, line 796]
Event: 0.661 Thread 0x00000207078d5f60 Exception <a 'java/lang/NoSuchMethodError'{0x0000000088db5d18}: 'void java.lang.invoke.DirectMethodHandle$Holder.invokeStatic(java.lang.Object, int, java.lang.Object)'> (0x0000000088db5d18) 
thrown [s\open\src\hotspot\share\interpreter\linkResolver.cpp, line 796]
Event: 0.721 Thread 0x00000207078d5f60 Exception <a 'java/lang/NoSuchMethodError'{0x0000000088b44658}: 'int java.lang.invoke.DirectMethodHandle$Holder.invokeStaticInit(java.lang.Object, java.lang.Object)'> (0x0000000088b44658) 
thrown [s\open\src\hotspot\share\interpreter\linkResolver.cpp, line 796]
Event: 0.731 Thread 0x00000207078d5f60 Exception <a 'java/lang/NoClassDefFoundError'{0x0000000088b807b0}: javax/enterprise/inject/Typed> (0x0000000088b807b0) 
thrown [s\open\src\hotspot\share\classfile\systemDictionary.cpp, line 302]

VM Operations (8 events):
Event: 0.063 Executing VM operation: HandshakeAllThreads (Deoptimize)
Event: 0.063 Executing VM operation: HandshakeAllThreads (Deoptimize) done
Event: 0.216 Executing VM operation: HandshakeAllThreads (Deoptimize)
Event: 0.216 Executing VM operation: HandshakeAllThreads (Deoptimize) done
Event: 0.243 Executing VM operation: HandshakeAllThreads (Deoptimize)
Event: 0.243 Executing VM operation: HandshakeAllThreads (Deoptimize) done
Event: 0.767 Executing VM operation: G1CollectForAllocation (G1 Evacuation Pause)
Event: 0.774 Executing VM operation: G1CollectForAllocation (G1 Evacuation Pause) done

Memory protections (0 events):
No events

Nmethod flushes (0 events):
No events

Events (16 events):
Event: 0.028 Thread 0x00000207078d5f60 Thread added: 0x00000207078d5f60
Event: 0.040 Thread 0x00000207078d5f60 Thread added: 0x00000207269265b0
Event: 0.041 Thread 0x00000207078d5f60 Thread added: 0x00000207269274d0
Event: 0.041 Thread 0x00000207078d5f60 Thread added: 0x000002072692d520
Event: 0.041 Thread 0x00000207078d5f60 Thread added: 0x0000020726930730
Event: 0.041 Thread 0x00000207078d5f60 Thread added: 0x0000020726953840
Event: 0.041 Thread 0x00000207078d5f60 Thread added: 0x00000207269542a0
Event: 0.041 Thread 0x00000207078d5f60 Thread added: 0x00000207269557d0
Event: 0.041 Thread 0x00000207078d5f60 Thread added: 0x0000020726956280
Event: 0.057 Thread 0x00000207078d5f60 Thread added: 0x00000207268fbbb0
Event: 0.073 Thread 0x0000020726956280 Thread added: 0x0000020726b454b0
Event: 0.110 Thread 0x00000207078d5f60 Thread added: 0x0000020726bd8bf0
Event: 0.110 Thread 0x00000207078d5f60 Thread added: 0x0000020726bd9260
Event: 0.220 Thread 0x00000207078d5f60 Thread added: 0x000002076c1f7330
Event: 0.250 Thread 0x000002076c1f7330 Thread exited: 0x000002076c1f7330
Event: 0.775 Thread 0x0000020726956280 Thread added: 0x0000020774fa28b0


Dynamic libraries:
0x00007ff7d5c30000 - 0x00007ff7d5c3e000 	C:\Users\Владислав Мехедов\.jdks\openjdk-23\bin\java.exe
0x00007ffdee0b0000 - 0x00007ffdee2a8000 	C:\WINDOWS\SYSTEM32\ntdll.dll
0x00007ffdec8c0000 - 0x00007ffdec981000 	C:\WINDOWS\System32\KERNEL32.DLL
0x00007ffdeb790000 - 0x00007ffdeba8d000 	C:\WINDOWS\System32\KERNELBASE.dll
0x00007ffdebcb0000 - 0x00007ffdebdb0000 	C:\WINDOWS\System32\ucrtbase.dll
0x00007ffde5800000 - 0x00007ffde5817000 	C:\Users\Владислав Мехедов\.jdks\openjdk-23\bin\jli.dll
0x00007ffde4ee0000 - 0x00007ffde4efb000 	C:\Users\Владислав Мехедов\.jdks\openjdk-23\bin\VCRUNTIME140.dll
0x00007ffded020000 - 0x00007ffded1bd000 	C:\WINDOWS\System32\USER32.dll
0x00007ffdeb760000 - 0x00007ffdeb782000 	C:\WINDOWS\System32\win32u.dll
0x00007ffdea3a0000 - 0x00007ffdea63a000 	C:\WINDOWS\WinSxS\amd64_microsoft.windows.common-controls_6595b64144ccf1df_6.0.19041.4355_none_60b8b9eb71f62e16\COMCTL32.dll
0x00007ffdecc90000 - 0x00007ffdecd2e000 	C:\WINDOWS\System32\msvcrt.dll
0x00007ffdecd30000 - 0x00007ffdecd5b000 	C:\WINDOWS\System32\GDI32.dll
0x00007ffdebb00000 - 0x00007ffdebc17000 	C:\WINDOWS\System32\gdi32full.dll
0x00007ffdec040000 - 0x00007ffdec0dd000 	C:\WINDOWS\System32\msvcp_win.dll
0x00007ffdec9f0000 - 0x00007ffdeca1f000 	C:\WINDOWS\System32\IMM32.DLL
0x00007ffde4c50000 - 0x00007ffde4c5c000 	C:\Users\Владислав Мехедов\.jdks\openjdk-23\bin\vcruntime140_1.dll
0x00007ffdd37c0000 - 0x00007ffdd384e000 	C:\Users\Владислав Мехедов\.jdks\openjdk-23\bin\msvcp140.dll
0x00007ffdac3b0000 - 0x00007ffdad0ff000 	C:\Users\Владислав Мехедов\.jdks\openjdk-23\bin\server\jvm.dll
0x00007ffdeca20000 - 0x00007ffdecad0000 	C:\WINDOWS\System32\ADVAPI32.dll
0x00007ffdeddb0000 - 0x00007ffdede50000 	C:\WINDOWS\System32\sechost.dll
0x00007ffdec0e0000 - 0x00007ffdec203000 	C:\WINDOWS\System32\RPCRT4.dll
0x00007ffdebe60000 - 0x00007ffdebe87000 	C:\WINDOWS\System32\bcrypt.dll
0x00007ffdede50000 - 0x00007ffdedebb000 	C:\WINDOWS\System32\WS2_32.dll
0x00007ffdeace0000 - 0x00007ffdead2b000 	C:\WINDOWS\SYSTEM32\POWRPROF.dll
0x00007ffde16a0000 - 0x00007ffde16aa000 	C:\WINDOWS\SYSTEM32\VERSION.dll
0x00007ffde9bc0000 - 0x00007ffde9be7000 	C:\WINDOWS\SYSTEM32\WINMM.dll
0x00007ffdeab60000 - 0x00007ffdeab72000 	C:\WINDOWS\SYSTEM32\UMPDC.dll
0x00007ffde9510000 - 0x00007ffde9522000 	C:\WINDOWS\SYSTEM32\kernel.appcore.dll
0x00007ffde30b0000 - 0x00007ffde30ba000 	C:\Users\Владислав Мехедов\.jdks\openjdk-23\bin\jimage.dll
0x00007ffde92a0000 - 0x00007ffde9484000 	C:\WINDOWS\SYSTEM32\DBGHELP.DLL
0x00007ffde0b10000 - 0x00007ffde0b44000 	C:\WINDOWS\SYSTEM32\dbgcore.DLL
0x00007ffdebc20000 - 0x00007ffdebca2000 	C:\WINDOWS\System32\bcryptPrimitives.dll
0x00007ffde4e80000 - 0x00007ffde4e8f000 	C:\Users\Владислав Мехедов\.jdks\openjdk-23\bin\instrument.dll
0x00007ffde2fd0000 - 0x00007ffde2fee000 	C:\Users\Владислав Мехедов\.jdks\openjdk-23\bin\java.dll
0x00007ffdedec0000 - 0x00007ffdedfeb000 	C:\WINDOWS\System32\ole32.dll
0x00007ffded2d0000 - 0x00007ffded623000 	C:\WINDOWS\System32\combase.dll
0x00007ffded630000 - 0x00007ffdedd9f000 	C:\WINDOWS\System32\SHELL32.dll
0x00007ffde9bf0000 - 0x00007ffdea393000 	C:\WINDOWS\SYSTEM32\windows.storage.dll
0x00007ffdeb190000 - 0x00007ffdeb1be000 	C:\WINDOWS\SYSTEM32\Wldp.dll
0x00007ffdecad0000 - 0x00007ffdecb9d000 	C:\WINDOWS\System32\OLEAUT32.dll
0x00007ffdecd60000 - 0x00007ffdece0d000 	C:\WINDOWS\System32\SHCORE.dll
0x00007ffded270000 - 0x00007ffded2c5000 	C:\WINDOWS\System32\shlwapi.dll
0x00007ffdeb690000 - 0x00007ffdeb6b4000 	C:\WINDOWS\SYSTEM32\profapi.dll
0x00007ffdc7f30000 - 0x00007ffdc8007000 	C:\Users\Владислав Мехедов\.jdks\openjdk-23\bin\jsvml.dll
0x00007ffde1740000 - 0x00007ffde1757000 	C:\Users\Владислав Мехедов\.jdks\openjdk-23\bin\zip.dll
0x00007ffde2430000 - 0x00007ffde2440000 	C:\Users\Владислав Мехедов\.jdks\openjdk-23\bin\net.dll
0x00007ffdeaef0000 - 0x00007ffdeaf5a000 	C:\WINDOWS\system32\mswsock.dll
0x00007ffde2410000 - 0x00007ffde2426000 	C:\Users\Владислав Мехедов\.jdks\openjdk-23\bin\nio.dll
0x00007ffde30c0000 - 0x00007ffde30da000 	C:\Program Files\JetBrains\IntelliJ IDEA 2024.2.0.1\bin\breakgen64.dll
0x00007ffde0dc0000 - 0x00007ffde0dc9000 	C:\Users\Владислав Мехедов\.jdks\openjdk-23\bin\extnet.dll
0x00007ffdcf920000 - 0x00007ffdcf944000 	C:\Users\Владислав Мехедов\AppData\Local\Temp\jansi-2.4.1-e4f67eb2a5b9f002-jansi.dll
0x00007ffde0850000 - 0x00007ffde0860000 	C:\Users\Владислав Мехедов\.jdks\openjdk-23\bin\verify.dll

dbghelp: loaded successfully - version: 4.0.5 - missing functions: none
symbol engine: initialized successfully - sym options: 0x614 - pdb path: .;C:\Users\Владислав Мехедов\.jdks\openjdk-23\bin;C:\WINDOWS\SYSTEM32;C:\WINDOWS\WinSxS\amd64_microsoft.windows.common-controls_6595b64144ccf1df_6.0.19041.4355_none_60b8b9eb71f62e16;C:\Users\Владислав Мехедов\.jdks\openjdk-23\bin\server;C:\Program Files\JetBrains\IntelliJ IDEA 2024.2.0.1\bin;C:\Users\Владислав Мехедов\AppData\Local\Temp

VM Arguments:
jvm_args: -Dmaven.multiModuleProjectDirectory=C:\Users\Владислав Мехедов\Desktop\SpringBoot -Djansi.passthrough=true -Dmaven.home=C:\Users\Владислав Мехедов\.m2\wrapper\dists\apache-maven-3.9.9-bin\4nf9hui3q3djbarqar9g711ggc\apache-maven-3.9.9 -Dclassworlds.conf=C:\Users\Владислав Мехедов\.m2\wrapper\dists\apache-maven-3.9.9-bin\4nf9hui3q3djbarqar9g711ggc\apache-maven-3.9.9\bin\m2.conf -Dmaven.ext.class.path=C:\Program Files\JetBrains\IntelliJ IDEA 2024.2.0.1\plugins\maven\lib\maven-event-listener.jar -javaagent:C:\Program Files\JetBrains\IntelliJ IDEA 2024.2.0.1\lib\idea_rt.jar=52463:C:\Program Files\JetBrains\IntelliJ IDEA 2024.2.0.1\bin -Dfile.encoding=UTF-8 -Dsun.stdout.encoding=UTF-8 -Dsun.stderr.encoding=UTF-8 
java_command: org.codehaus.classworlds.Launcher -Didea.version=2024.2.0.1 clean
java_class_path (initial): C:\Users\Владислав Мехедов\.m2\wrapper\dists\apache-maven-3.9.9-bin\4nf9hui3q3djbarqar9g711ggc\apache-maven-3.9.9\boot\plexus-classworlds-2.8.0.jar;C:\Users\Владислав Мехедов\.m2\wrapper\dists\apache-maven-3.9.9-bin\4nf9hui3q3djbarqar9g711ggc\apache-maven-3.9.9\boot\plexus-classworlds.license
Launcher Type: SUN_STANDARD

[Global flags]
     intx CICompilerCount                          = 4                                         {product} {ergonomic}
     uint ConcGCThreads                            = 2                                         {product} {ergonomic}
     uint G1ConcRefinementThreads                  = 8                                         {product} {ergonomic}
   size_t G1HeapRegionSize                         = 1048576                                   {product} {ergonomic}
   size_t InitialHeapSize                          = 132120576                                 {product} {ergonomic}
   size_t MarkStackSize                            = 4194304                                   {product} {ergonomic}
   size_t MarkStackSizeMax                         = 536870912                                 {product} {ergonomic}
   size_t MaxHeapSize                              = 2109734912                                {product} {ergonomic}
   size_t MaxNewSize                               = 1265631232                                {product} {ergonomic}
   size_t MinHeapDeltaBytes                        = 1048576                                   {product} {ergonomic}
   size_t MinHeapSize                              = 8388608                                   {product} {ergonomic}
    uintx NonNMethodCodeHeapSize                   = 5832704                                {pd product} {ergonomic}
    uintx NonProfiledCodeHeapSize                  = 122945536                              {pd product} {ergonomic}
    uintx ProfiledCodeHeapSize                     = 122880000                              {pd product} {ergonomic}
    uintx ReservedCodeCacheSize                    = 251658240                              {pd product} {ergonomic}
     bool SegmentedCodeCache                       = true                                      {product} {ergonomic}
   size_t SoftMaxHeapSize                          = 2109734912                             {manageable} {ergonomic}
     bool UseCompressedOops                        = true                           {product lp64_product} {ergonomic}
     bool UseG1GC                                  = true                                      {product} {ergonomic}
     bool UseLargePagesIndividualAllocation        = false                                  {pd product} {ergonomic}

Logging:
Log output configuration:
 #0: stdout all=warning uptime,level,tags foldmultilines=false
 #1: stderr all=off uptime,level,tags foldmultilines=false

Environment Variables:
JAVA_HOME=C:\Program Files\Java\jdk-17.0.2+8
PATH=C:\Program Files\Java\jdk-17.0.2+8\bin;C:\ProgramData\Oracle\Java\javapath;C:\Windows\system32;C:\Windows;C:\Windows\System32\Wbem;C:\Windows\System32\WindowsPowerShell\v1.0\;C:\Windows\System32\OpenSSH\;C:\Program Files\NVIDIA Corporation\NVIDIA NvDLISR;C:\Program Files (x86)\NVIDIA Corporation\PhysX\Common;C:\WINDOWS\system32;C:\WINDOWS;C:\WINDOWS\System32\Wbem;C:\WINDOWS\System32\WindowsPowerShell\v1.0\;C:\WINDOWS\System32\OpenSSH\;C:\Program Files\dotnet\;C:\Program Files (x86)\Windows Kits\10\Windows Performance Toolkit\;C:\Program Files\Git\cmd;C:\Program Files\MySQL\MySQL Shell 8.0\bin\;C:\Users\Владислав Мехедов\AppData\Local\Microsoft\WindowsApps;C:\Users\Владислав Мехедов\AppData\Local\atom\bin;C:\Users\Владислав Мехедов\AppData\Local\Microsoft\WindowsApps;C:\Program Files\Java\jdk-17.0.2+8\bin;;C:\Program Files\JetBrains\IntelliJ IDEA 2024.2.0.1\bin;
USERNAME=Владислав Мехедов
OS=Windows_NT
PROCESSOR_IDENTIFIER=Intel64 Family 6 Model 158 Stepping 10, GenuineIntel
TMP=C:\Users\7DA8~1\AppData\Local\Temp
TEMP=C:\Users\7DA8~1\AppData\Local\Temp




Periodic native trim disabled

---------------  S Y S T E M  ---------------

OS:
 Windows 10 , 64 bit Build 19041 (10.0.19041.4842)
OS uptime: 0 days 1:37 hours

CPU: total 8 (initial active 8) (4 cores per cpu, 2 threads per core) family 6 model 158 stepping 10 microcode 0xb4, cx8, cmov, fxsr, ht, mmx, 3dnowpref, sse, sse2, sse3, ssse3, sse4.1, sse4.2, popcnt, lzcnt, tsc, tscinvbit, avx, avx2, aes, erms, clmul, bmi1, bmi2, adx, fma, vzeroupper, clflush, clflushopt, rdtscp, f16c
Processor Information for the first 8 processors :
  Max Mhz: 2304, Current Mhz: 2304, Mhz Limit: 2304

Memory: 4k page, system-wide physical 8041M (720M free)
TotalPageFile size 12127M (AvailPageFile size 2M)
current process WorkingSet (physical memory assigned to process): 92M, peak: 92M
current process commit charge ("private bytes"): 233M, peak: 233M

vm_info: OpenJDK 64-Bit Server VM (23+37-2369) for windows-amd64 JRE (23+37-2369), built on 2024-08-20T16:01:23Z with MS VC++ 17.6 (VS2022)

END.
